"C:/Users/prizr/OneDrive/Dokumente/Unreal Projects/BR_SDK-master/Content/BrickRigs/Blueprints/Teams/BP_Team_Dummies.uasset" 0
"C:/Users/prizr/OneDrive/Dokumente/Unreal Projects/BR_SDK-master/Content/BrickRigs/Blueprints/Teams/BP_Team_Dummies.uexp" 1
"C:/Users/prizr/OneDrive/Dokumente/Unreal Projects/BR_SDK-master/Content/BrickRigs/Blueprints/Teams/BP_Team_Zombies.uasset" 2
"C:/Users/prizr/OneDrive/Dokumente/Unreal Projects/BR_SDK-master/Content/BrickRigs/Blueprints/Teams/BP_Team_Zombies.uexp" 3
"C:/Users/prizr/OneDrive/Dokumente/Unreal Projects/BR_SDK-master/Content/BrickRigs/Items/Shirt/BP_Shirt_StaticInfo.uasset" 4
"C:/Users/prizr/OneDrive/Dokumente/Unreal Projects/BR_SDK-master/Content/BrickRigs/Items/Shirt/BP_Shirt_StaticInfo.uexp" 5
"C:/Users/prizr/OneDrive/Dokumente/Unreal Projects/BR_SDK-master/Content/BrickRigs/Items/Shirt/BP_Gukech_Shirt.uasset" 6
"C:/Users/prizr/OneDrive/Dokumente/Unreal Projects/BR_SDK-master/Content/BrickRigs/Items/Shirt/BP_Gukech_Shirt.uexp" 7
"C:/Users/prizr/OneDrive/Dokumente/Unreal Projects/BR_SDK-master/Content/BrickRigs/Items/Pants/BP_Pants_StaticInfo.uasset" 8
"C:/Users/prizr/OneDrive/Dokumente/Unreal Projects/BR_SDK-master/Content/BrickRigs/Items/Pants/BP_Pants_StaticInfo.uexp" 9
"C:/Users/prizr/OneDrive/Dokumente/Unreal Projects/BR_SDK-master/Content/BrickRigs/Items/Pants/BP_Gukech_Pants.uasset" 10
"C:/Users/prizr/OneDrive/Dokumente/Unreal Projects/BR_SDK-master/Content/BrickRigs/Items/Pants/BP_Gukech_Pants.uexp" 11
"C:/Users/prizr/OneDrive/Dokumente/Unreal Projects/BR_SDK-master/Content/BrickRigs/Blueprints/Teams/Team1.uasset" 12
"C:/Users/prizr/OneDrive/Dokumente/Unreal Projects/BR_SDK-master/Content/BrickRigs/Blueprints/Teams/Team1.uexp" 13
"C:/Users/prizr/OneDrive/Dokumente/Unreal Projects/BR_SDK-master/Content/BrickRigs/Items/Shirt/BP_Blue_Shirt.uasset" 14
"C:/Users/prizr/OneDrive/Dokumente/Unreal Projects/BR_SDK-master/Content/BrickRigs/Items/Shirt/BP_Blue_Shirt.uexp" 15
"C:/Users/prizr/OneDrive/Dokumente/Unreal Projects/BR_SDK-master/Content/BrickRigs/Items/Pants/BP_Blue_Pants.uasset" 16
"C:/Users/prizr/OneDrive/Dokumente/Unreal Projects/BR_SDK-master/Content/BrickRigs/Items/Pants/BP_Blue_Pants.uexp" 17
"C:/Users/prizr/OneDrive/Dokumente/Unreal Projects/BR_SDK-master/Content/BrickRigs/Blueprints/Teams/Team2.uasset" 18
"C:/Users/prizr/OneDrive/Dokumente/Unreal Projects/BR_SDK-master/Content/BrickRigs/Blueprints/Teams/Team2.uexp" 19
"C:/Users/prizr/OneDrive/Dokumente/Unreal Projects/BR_SDK-master/Content/BrickRigs/Blueprints/GameModes/BP_AdvancedCustomGM.uasset" 20
"C:/Users/prizr/OneDrive/Dokumente/Unreal Projects/BR_SDK-master/Content/BrickRigs/Blueprints/GameModes/BP_AdvancedCustomGM.uexp" 21
"C:/Users/prizr/OneDrive/Dokumente/Unreal Projects/BR_SDK-master/Content/BrickRigs/Blueprints/Teams/BP_Team_Default.uasset" 22
"C:/Users/prizr/OneDrive/Dokumente/Unreal Projects/BR_SDK-master/Content/BrickRigs/Blueprints/Teams/BP_Team_Default.uexp" 23
"C:/Users/prizr/OneDrive/Dokumente/Unreal Projects/BR_SDK-master/Content/BrickRigs/Blueprints/GameModes/BP_CustomGameMode.uasset" 24
"C:/Users/prizr/OneDrive/Dokumente/Unreal Projects/BR_SDK-master/Content/BrickRigs/Blueprints/GameModes/BP_CustomGameMode.uexp" 25
"C:/Users/prizr/OneDrive/Dokumente/Unreal Projects/BR_SDK-master/Content/BrickRigs/Blueprints/GameModes/GMI_Advanced.uasset" 26
"C:/Users/prizr/OneDrive/Dokumente/Unreal Projects/BR_SDK-master/Content/BrickRigs/Blueprints/GameModes/GMI_Advanced.uexp" 27
"C:/Users/prizr/OneDrive/Dokumente/Unreal Projects/BR_SDK-master/Content/BrickRigs/Blueprints/GameModes/GMI_Custom.uasset" 28
"C:/Users/prizr/OneDrive/Dokumente/Unreal Projects/BR_SDK-master/Content/BrickRigs/Blueprints/GameModes/GMI_Custom.uexp" 29
"C:/Users/prizr/OneDrive/Dokumente/Unreal Projects/BR_SDK-master/Content/BrickRigs/Blueprints/Props/JerseyBarrier/Textures/T_JerseyBarrier_mask.uasset" 30
"C:/Users/prizr/OneDrive/Dokumente/Unreal Projects/BR_SDK-master/Content/BrickRigs/Blueprints/Props/JerseyBarrier/Textures/T_JerseyBarrier_mask.uexp" 31
"C:/Users/prizr/OneDrive/Dokumente/Unreal Projects/BR_SDK-master/Content/BrickRigs/Blueprints/Props/JerseyBarrier/Textures/T_JerseyBarrier_mask.ubulk" 32
"../../../Engine/Content/MaterialTemplates/LayerBlends/T_DefaultMaskTexture.uasset" 33
"../../../Engine/Content/MaterialTemplates/LayerBlends/T_DefaultMaskTexture.uexp" 34
"../../../Engine/Content/EngineMaterials/DefaultNormal.uasset" 35
"../../../Engine/Content/EngineMaterials/DefaultNormal.uexp" 36
"../../../Engine/Content/EngineMaterials/DefaultNormal.ubulk" 37
"../../../Engine/Content/MaterialTemplates/LayerBlends/LayerBlend_TextureMask.uasset" 38
"../../../Engine/Content/MaterialTemplates/LayerBlends/LayerBlend_TextureMask.uexp" 39
"C:/Users/prizr/OneDrive/Dokumente/Unreal Projects/BR_SDK-master/Content/BrickRigs/Blueprints/Props/JerseyBarrier/Textures/T_JerseyBarrier_normal.uasset" 40
"C:/Users/prizr/OneDrive/Dokumente/Unreal Projects/BR_SDK-master/Content/BrickRigs/Blueprints/Props/JerseyBarrier/Textures/T_JerseyBarrier_normal.uexp" 41
"C:/Users/prizr/OneDrive/Dokumente/Unreal Projects/BR_SDK-master/Content/BrickRigs/Blueprints/Props/JerseyBarrier/Textures/T_JerseyBarrier_normal.ubulk" 42
"C:/Users/prizr/OneDrive/Dokumente/Unreal Projects/BR_SDK-master/Content/BrickRigs/Blueprints/Props/JerseyBarrier/Materials/M_JerseyBarrier.uasset" 43
"C:/Users/prizr/OneDrive/Dokumente/Unreal Projects/BR_SDK-master/Content/BrickRigs/Blueprints/Props/JerseyBarrier/Materials/M_JerseyBarrier.uexp" 44
"C:/Users/prizr/OneDrive/Dokumente/Unreal Projects/BR_SDK-master/Content/BrickRigs/Blueprints/Props/JerseyBarrier/Materials/M_JerseyBarrier_White.uasset" 45
"C:/Users/prizr/OneDrive/Dokumente/Unreal Projects/BR_SDK-master/Content/BrickRigs/Blueprints/Props/JerseyBarrier/Materials/M_JerseyBarrier_White.uexp" 46
"C:/Users/prizr/OneDrive/Dokumente/Unreal Projects/BR_SDK-master/Content/BrickRigs/Bricks/BrickDecals/PIC_UWU.uasset" 47
"C:/Users/prizr/OneDrive/Dokumente/Unreal Projects/BR_SDK-master/Content/BrickRigs/Bricks/BrickDecals/PIC_UWU.uexp" 48
"C:/Users/prizr/OneDrive/Dokumente/Unreal Projects/BR_SDK-master/Content/BrickRigs/Bricks/BrickDecals/PIC_UWU.ubulk" 49
"C:/Users/prizr/OneDrive/Dokumente/Unreal Projects/BR_SDK-master/Content/BrickRigs/Bricks/BrickDecals/UWU.uasset" 50
"C:/Users/prizr/OneDrive/Dokumente/Unreal Projects/BR_SDK-master/Content/BrickRigs/Bricks/BrickDecals/UWU.uexp" 51
"../../../Engine/Plugins/Enterprise/DatasmithContent/Content/Materials/AliasMaster.uasset" 52
"../../../Engine/Plugins/Enterprise/DatasmithContent/Content/Materials/AliasMaster.uexp" 53
"C:/Users/prizr/OneDrive/Dokumente/Unreal Projects/BR_SDK-master/Content/BrickRigs/Bricks/BrickMaterials/NewBrickMaterial.uasset" 54
"C:/Users/prizr/OneDrive/Dokumente/Unreal Projects/BR_SDK-master/Content/BrickRigs/Bricks/BrickMaterials/NewBrickMaterial.uexp" 55
"C:/Users/prizr/OneDrive/Dokumente/Unreal Projects/BR_SDK-master/Content/CustomContent/BuildingsMeshes/Castle/Castle.uasset" 56
"C:/Users/prizr/OneDrive/Dokumente/Unreal Projects/BR_SDK-master/Content/CustomContent/BuildingsMeshes/Castle/Castle.uexp" 57
"C:/Users/prizr/OneDrive/Dokumente/Unreal Projects/BR_SDK-master/Content/BrickRigs/Buildings/Castle/BP_Castle.uasset" 58
"C:/Users/prizr/OneDrive/Dokumente/Unreal Projects/BR_SDK-master/Content/BrickRigs/Buildings/Castle/BP_Castle.uexp" 59
"C:/Users/prizr/OneDrive/Dokumente/Unreal Projects/BR_SDK-master/Content/CustomContent/BuildingsMeshes/CityHall/CityHall.uasset" 60
"C:/Users/prizr/OneDrive/Dokumente/Unreal Projects/BR_SDK-master/Content/CustomContent/BuildingsMeshes/CityHall/CityHall.uexp" 61
"C:/Users/prizr/OneDrive/Dokumente/Unreal Projects/BR_SDK-master/Content/BrickRigs/Buildings/CityHall/BP_CityHall.uasset" 62
"C:/Users/prizr/OneDrive/Dokumente/Unreal Projects/BR_SDK-master/Content/BrickRigs/Buildings/CityHall/BP_CityHall.uexp" 63
"C:/Users/prizr/OneDrive/Dokumente/Unreal Projects/BR_SDK-master/Content/CustomContent/BuildingsMeshes/Editors/Hangar.uasset" 64
"C:/Users/prizr/OneDrive/Dokumente/Unreal Projects/BR_SDK-master/Content/CustomContent/BuildingsMeshes/Editors/Hangar.uexp" 65
"C:/Users/prizr/OneDrive/Dokumente/Unreal Projects/BR_SDK-master/Content/BrickRigs/Buildings/Editors/BP_Editor_Hangar.uasset" 66
"C:/Users/prizr/OneDrive/Dokumente/Unreal Projects/BR_SDK-master/Content/BrickRigs/Buildings/Editors/BP_Editor_Hangar.uexp" 67
"C:/Users/prizr/OneDrive/Dokumente/Unreal Projects/BR_SDK-master/Content/CustomContent/BuildingsMeshes/Editors/Medium.uasset" 68
"C:/Users/prizr/OneDrive/Dokumente/Unreal Projects/BR_SDK-master/Content/CustomContent/BuildingsMeshes/Editors/Medium.uexp" 69
"C:/Users/prizr/OneDrive/Dokumente/Unreal Projects/BR_SDK-master/Content/BrickRigs/Buildings/Editors/BP_Editor_Medium.uasset" 70
"C:/Users/prizr/OneDrive/Dokumente/Unreal Projects/BR_SDK-master/Content/BrickRigs/Buildings/Editors/BP_Editor_Medium.uexp" 71
"C:/Users/prizr/OneDrive/Dokumente/Unreal Projects/BR_SDK-master/Content/CustomContent/BuildingsMeshes/Farmhouse/Farmhouse.uasset" 72
"C:/Users/prizr/OneDrive/Dokumente/Unreal Projects/BR_SDK-master/Content/CustomContent/BuildingsMeshes/Farmhouse/Farmhouse.uexp" 73
"C:/Users/prizr/OneDrive/Dokumente/Unreal Projects/BR_SDK-master/Content/BrickRigs/Buildings/Farmhouse/BP_Farmhouse.uasset" 74
"C:/Users/prizr/OneDrive/Dokumente/Unreal Projects/BR_SDK-master/Content/BrickRigs/Buildings/Farmhouse/BP_Farmhouse.uexp" 75
"C:/Users/prizr/OneDrive/Dokumente/Unreal Projects/BR_SDK-master/Content/CustomContent/BuildingsMeshes/FireStation/FireStation.uasset" 76
"C:/Users/prizr/OneDrive/Dokumente/Unreal Projects/BR_SDK-master/Content/CustomContent/BuildingsMeshes/FireStation/FireStation.uexp" 77
"C:/Users/prizr/OneDrive/Dokumente/Unreal Projects/BR_SDK-master/Content/BrickRigs/Buildings/FireStation/BP_FireStation.uasset" 78
"C:/Users/prizr/OneDrive/Dokumente/Unreal Projects/BR_SDK-master/Content/BrickRigs/Buildings/FireStation/BP_FireStation.uexp" 79
"C:/Users/prizr/OneDrive/Dokumente/Unreal Projects/BR_SDK-master/Content/CustomContent/BuildingsMeshes/Garage_01/Garage_01.uasset" 80
"C:/Users/prizr/OneDrive/Dokumente/Unreal Projects/BR_SDK-master/Content/CustomContent/BuildingsMeshes/Garage_01/Garage_01.uexp" 81
"C:/Users/prizr/OneDrive/Dokumente/Unreal Projects/BR_SDK-master/Content/BrickRigs/Buildings/Garage_01/BP_Garage_01.uasset" 82
"C:/Users/prizr/OneDrive/Dokumente/Unreal Projects/BR_SDK-master/Content/BrickRigs/Buildings/Garage_01/BP_Garage_01.uexp" 83
"C:/Users/prizr/OneDrive/Dokumente/Unreal Projects/BR_SDK-master/Content/CustomContent/BuildingsMeshes/GasStation/GasStation.uasset" 84
"C:/Users/prizr/OneDrive/Dokumente/Unreal Projects/BR_SDK-master/Content/CustomContent/BuildingsMeshes/GasStation/GasStation.uexp" 85
"C:/Users/prizr/OneDrive/Dokumente/Unreal Projects/BR_SDK-master/Content/BrickRigs/Buildings/GasStation/BP_GasStation.uasset" 86
"C:/Users/prizr/OneDrive/Dokumente/Unreal Projects/BR_SDK-master/Content/BrickRigs/Buildings/GasStation/BP_GasStation.uexp" 87
"C:/Users/prizr/OneDrive/Dokumente/Unreal Projects/BR_SDK-master/Content/CustomContent/BuildingsMeshes/GenericCommercial/GenericCommercial.uasset" 88
"C:/Users/prizr/OneDrive/Dokumente/Unreal Projects/BR_SDK-master/Content/CustomContent/BuildingsMeshes/GenericCommercial/GenericCommercial.uexp" 89
"C:/Users/prizr/OneDrive/Dokumente/Unreal Projects/BR_SDK-master/Content/BrickRigs/Buildings/GenericCommercial/BP_GenericCommercial.uasset" 90
"C:/Users/prizr/OneDrive/Dokumente/Unreal Projects/BR_SDK-master/Content/BrickRigs/Buildings/GenericCommercial/BP_GenericCommercial.uexp" 91
"C:/Users/prizr/OneDrive/Dokumente/Unreal Projects/BR_SDK-master/Content/CustomContent/BuildingsMeshes/GenericCommercial_02/GenericCommercial_02.uasset" 92
"C:/Users/prizr/OneDrive/Dokumente/Unreal Projects/BR_SDK-master/Content/CustomContent/BuildingsMeshes/GenericCommercial_02/GenericCommercial_02.uexp" 93
"C:/Users/prizr/OneDrive/Dokumente/Unreal Projects/BR_SDK-master/Content/BrickRigs/Buildings/GenericCommercial_02/BP_GenericCommercial_02.uasset" 94
"C:/Users/prizr/OneDrive/Dokumente/Unreal Projects/BR_SDK-master/Content/BrickRigs/Buildings/GenericCommercial_02/BP_GenericCommercial_02.uexp" 95
"C:/Users/prizr/OneDrive/Dokumente/Unreal Projects/BR_SDK-master/Content/CustomContent/BuildingsMeshes/House_09/House_09.uasset" 96
"C:/Users/prizr/OneDrive/Dokumente/Unreal Projects/BR_SDK-master/Content/CustomContent/BuildingsMeshes/House_09/House_09.uexp" 97
"C:/Users/prizr/OneDrive/Dokumente/Unreal Projects/BR_SDK-master/Content/BrickRigs/Buildings/House_09/BP_House_09.uasset" 98
"C:/Users/prizr/OneDrive/Dokumente/Unreal Projects/BR_SDK-master/Content/BrickRigs/Buildings/House_09/BP_House_09.uexp" 99
"C:/Users/prizr/OneDrive/Dokumente/Unreal Projects/BR_SDK-master/Content/CustomContent/BuildingsMeshes/House_10/House_10.uasset" 100
"C:/Users/prizr/OneDrive/Dokumente/Unreal Projects/BR_SDK-master/Content/CustomContent/BuildingsMeshes/House_10/House_10.uexp" 101
"C:/Users/prizr/OneDrive/Dokumente/Unreal Projects/BR_SDK-master/Content/BrickRigs/Buildings/House_10/BP_House_10.uasset" 102
"C:/Users/prizr/OneDrive/Dokumente/Unreal Projects/BR_SDK-master/Content/BrickRigs/Buildings/House_10/BP_House_10.uexp" 103
"C:/Users/prizr/OneDrive/Dokumente/Unreal Projects/BR_SDK-master/Content/CustomContent/BuildingsMeshes/House_11/House_11.uasset" 104
"C:/Users/prizr/OneDrive/Dokumente/Unreal Projects/BR_SDK-master/Content/CustomContent/BuildingsMeshes/House_11/House_11.uexp" 105
"C:/Users/prizr/OneDrive/Dokumente/Unreal Projects/BR_SDK-master/Content/BrickRigs/Buildings/House_11/BP_House_11.uasset" 106
"C:/Users/prizr/OneDrive/Dokumente/Unreal Projects/BR_SDK-master/Content/BrickRigs/Buildings/House_11/BP_House_11.uexp" 107
"C:/Users/prizr/OneDrive/Dokumente/Unreal Projects/BR_SDK-master/Content/CustomContent/BuildingsMeshes/OfficeBuilding/OfficeBuilding.uasset" 108
"C:/Users/prizr/OneDrive/Dokumente/Unreal Projects/BR_SDK-master/Content/CustomContent/BuildingsMeshes/OfficeBuilding/OfficeBuilding.uexp" 109
"C:/Users/prizr/OneDrive/Dokumente/Unreal Projects/BR_SDK-master/Content/BrickRigs/Buildings/OfficeBuildings/BP_OfficeBuilding.uasset" 110
"C:/Users/prizr/OneDrive/Dokumente/Unreal Projects/BR_SDK-master/Content/BrickRigs/Buildings/OfficeBuildings/BP_OfficeBuilding.uexp" 111
"C:/Users/prizr/OneDrive/Dokumente/Unreal Projects/BR_SDK-master/Content/BrickRigs/Buildings/ParkingGarage/BP_ParkingGarage.uasset" 112
"C:/Users/prizr/OneDrive/Dokumente/Unreal Projects/BR_SDK-master/Content/BrickRigs/Buildings/ParkingGarage/BP_ParkingGarage.uexp" 113
"C:/Users/prizr/OneDrive/Dokumente/Unreal Projects/BR_SDK-master/Content/CustomContent/BuildingsMeshes/PizzaPalace/PizzaPalace.uasset" 114
"C:/Users/prizr/OneDrive/Dokumente/Unreal Projects/BR_SDK-master/Content/CustomContent/BuildingsMeshes/PizzaPalace/PizzaPalace.uexp" 115
"C:/Users/prizr/OneDrive/Dokumente/Unreal Projects/BR_SDK-master/Content/BrickRigs/Buildings/PizzaPalace/BP_PizzaPalace.uasset" 116
"C:/Users/prizr/OneDrive/Dokumente/Unreal Projects/BR_SDK-master/Content/BrickRigs/Buildings/PizzaPalace/BP_PizzaPalace.uexp" 117
"C:/Users/prizr/OneDrive/Dokumente/Unreal Projects/BR_SDK-master/Content/CustomContent/BuildingsMeshes/PowerPlant/PowerPlant.uasset" 118
"C:/Users/prizr/OneDrive/Dokumente/Unreal Projects/BR_SDK-master/Content/CustomContent/BuildingsMeshes/PowerPlant/PowerPlant.uexp" 119
"C:/Users/prizr/OneDrive/Dokumente/Unreal Projects/BR_SDK-master/Content/BrickRigs/Buildings/PowerPlant/BP_PowerPlant.uasset" 120
"C:/Users/prizr/OneDrive/Dokumente/Unreal Projects/BR_SDK-master/Content/BrickRigs/Buildings/PowerPlant/BP_PowerPlant.uexp" 121
"C:/Users/prizr/OneDrive/Dokumente/Unreal Projects/BR_SDK-master/Content/CustomContent/BuildingsMeshes/RowBuilding_01/RowBuilding_01.uasset" 122
"C:/Users/prizr/OneDrive/Dokumente/Unreal Projects/BR_SDK-master/Content/CustomContent/BuildingsMeshes/RowBuilding_01/RowBuilding_01.uexp" 123
"C:/Users/prizr/OneDrive/Dokumente/Unreal Projects/BR_SDK-master/Content/BrickRigs/Buildings/RowBuilding_01/BP_RowBuilding_01.uasset" 124
"C:/Users/prizr/OneDrive/Dokumente/Unreal Projects/BR_SDK-master/Content/BrickRigs/Buildings/RowBuilding_01/BP_RowBuilding_01.uexp" 125
"C:/Users/prizr/OneDrive/Dokumente/Unreal Projects/BR_SDK-master/Content/CustomContent/BuildingsMeshes/SkyScrapers/Large.uasset" 126
"C:/Users/prizr/OneDrive/Dokumente/Unreal Projects/BR_SDK-master/Content/CustomContent/BuildingsMeshes/SkyScrapers/Large.uexp" 127
"C:/Users/prizr/OneDrive/Dokumente/Unreal Projects/BR_SDK-master/Content/BrickRigs/Buildings/SkyScrapers/BP_SkyScraper_Large.uasset" 128
"C:/Users/prizr/OneDrive/Dokumente/Unreal Projects/BR_SDK-master/Content/BrickRigs/Buildings/SkyScrapers/BP_SkyScraper_Large.uexp" 129
"C:/Users/prizr/OneDrive/Dokumente/Unreal Projects/BR_SDK-master/Content/CustomContent/BuildingsMeshes/SkyScrapers/Medi1um.uasset" 130
"C:/Users/prizr/OneDrive/Dokumente/Unreal Projects/BR_SDK-master/Content/CustomContent/BuildingsMeshes/SkyScrapers/Medi1um.uexp" 131
"C:/Users/prizr/OneDrive/Dokumente/Unreal Projects/BR_SDK-master/Content/BrickRigs/Buildings/SkyScrapers/BP_SkyScraper_Medium.uasset" 132
"C:/Users/prizr/OneDrive/Dokumente/Unreal Projects/BR_SDK-master/Content/BrickRigs/Buildings/SkyScrapers/BP_SkyScraper_Medium.uexp" 133
"C:/Users/prizr/OneDrive/Dokumente/Unreal Projects/BR_SDK-master/Content/CustomContent/BuildingsMeshes/SkyScrapers/Sma1ll.uasset" 134
"C:/Users/prizr/OneDrive/Dokumente/Unreal Projects/BR_SDK-master/Content/CustomContent/BuildingsMeshes/SkyScrapers/Sma1ll.uexp" 135
"C:/Users/prizr/OneDrive/Dokumente/Unreal Projects/BR_SDK-master/Content/BrickRigs/Buildings/SkyScrapers/BP_SkyScraper_Small.uasset" 136
"C:/Users/prizr/OneDrive/Dokumente/Unreal Projects/BR_SDK-master/Content/BrickRigs/Buildings/SkyScrapers/BP_SkyScraper_Small.uexp" 137
"C:/Users/prizr/OneDrive/Dokumente/Unreal Projects/BR_SDK-master/Content/CustomContent/BuildingsMeshes/TrainStation/TrainStation.uasset" 138
"C:/Users/prizr/OneDrive/Dokumente/Unreal Projects/BR_SDK-master/Content/CustomContent/BuildingsMeshes/TrainStation/TrainStation.uexp" 139
"C:/Users/prizr/OneDrive/Dokumente/Unreal Projects/BR_SDK-master/Content/BrickRigs/Buildings/TrainStation/BP_TrainStation.uasset" 140
"C:/Users/prizr/OneDrive/Dokumente/Unreal Projects/BR_SDK-master/Content/BrickRigs/Buildings/TrainStation/BP_TrainStation.uexp" 141
"C:/Users/prizr/OneDrive/Dokumente/Unreal Projects/BR_SDK-master/Content/CustomContent/BuildingsMeshes/Warehouses/Warehouses_Large.uasset" 142
"C:/Users/prizr/OneDrive/Dokumente/Unreal Projects/BR_SDK-master/Content/CustomContent/BuildingsMeshes/Warehouses/Warehouses_Large.uexp" 143
"C:/Users/prizr/OneDrive/Dokumente/Unreal Projects/BR_SDK-master/Content/BrickRigs/Buildings/Warehouses/BP_Warehouse_Large.uasset" 144
"C:/Users/prizr/OneDrive/Dokumente/Unreal Projects/BR_SDK-master/Content/BrickRigs/Buildings/Warehouses/BP_Warehouse_Large.uexp" 145
"../../../Engine/Content/EngineMaterials/WeightMapPlaceholderTexture.uasset" 146
"../../../Engine/Content/EngineMaterials/WeightMapPlaceholderTexture.uexp" 147
"C:/Users/prizr/OneDrive/Dokumente/Unreal Projects/BR_SDK-master/Content/BrickRigs/Levels/CustomMap/LandScapeMaterial.uasset" 148
"C:/Users/prizr/OneDrive/Dokumente/Unreal Projects/BR_SDK-master/Content/BrickRigs/Levels/CustomMap/LandScapeMaterial.uexp" 149
"C:/Users/prizr/OneDrive/Dokumente/Unreal Projects/BR_SDK-master/Content/BrickRigs/Levels/CustomMap/LI_CustomMap.uasset" 150
"C:/Users/prizr/OneDrive/Dokumente/Unreal Projects/BR_SDK-master/Content/BrickRigs/Levels/CustomMap/LI_CustomMap.uexp" 151
"C:/Users/prizr/OneDrive/Dokumente/Unreal Projects/BR_SDK-master/Content/BrickRigs/Levels/CustomMap/Uwu.uasset" 152
"C:/Users/prizr/OneDrive/Dokumente/Unreal Projects/BR_SDK-master/Content/BrickRigs/Levels/CustomMap/Uwu.uexp" 153
"C:/Users/prizr/OneDrive/Dokumente/Unreal Projects/BR_SDK-master/Content/BrickRigs/PhysicalMaterials/PM_Metal.uasset" 154
"C:/Users/prizr/OneDrive/Dokumente/Unreal Projects/BR_SDK-master/Content/BrickRigs/PhysicalMaterials/PM_Metal.uexp" 155
"C:/Users/prizr/OneDrive/Dokumente/Unreal Projects/BR_SDK-master/Content/BrickRigs/PhysicalMaterials/PM_Water.uasset" 156
"C:/Users/prizr/OneDrive/Dokumente/Unreal Projects/BR_SDK-master/Content/BrickRigs/PhysicalMaterials/PM_Water.uexp" 157
"C:/Users/prizr/OneDrive/Dokumente/Unreal Projects/BR_SDK-master/Content/CustomContent/BuildingsMeshes/ParkingGarage/ParkingGarage.uasset" 158
"C:/Users/prizr/OneDrive/Dokumente/Unreal Projects/BR_SDK-master/Content/CustomContent/BuildingsMeshes/ParkingGarage/ParkingGarage.uexp" 159
"C:/Users/prizr/OneDrive/Dokumente/Unreal Projects/BR_SDK-master/Content/CustomContent/BuildingsMeshes/PowerPlant/Transformer.uasset" 160
"C:/Users/prizr/OneDrive/Dokumente/Unreal Projects/BR_SDK-master/Content/CustomContent/BuildingsMeshes/PowerPlant/Transformer.uexp" 161
"../../../Engine/Content/EngineMaterials/T_Default_Material_Grid_N.uasset" 162
"../../../Engine/Content/EngineMaterials/T_Default_Material_Grid_N.uexp" 163
"../../../Engine/Content/EngineMaterials/T_Default_Material_Grid_N.ubulk" 164
"../../../Engine/Content/EngineMaterials/T_Default_Material_Grid_M.uasset" 165
"../../../Engine/Content/EngineMaterials/T_Default_Material_Grid_M.uexp" 166
"../../../Engine/Content/EngineMaterials/T_Default_Material_Grid_M.ubulk" 167
"../../../Engine/Content/Functions/Engine_MaterialFunctions01/Opacity/CameraDepthFade.uasset" 168
"../../../Engine/Content/Functions/Engine_MaterialFunctions01/Opacity/CameraDepthFade.uexp" 169
"../../../Engine/Content/EngineMaterials/WorldGridMaterial.uasset" 170
"../../../Engine/Content/EngineMaterials/WorldGridMaterial.uexp" 171
"../../../Engine/Content/ArtTools/RenderToTexture/Meshes/S_1_Unit_Plane.uasset" 172
"../../../Engine/Content/ArtTools/RenderToTexture/Meshes/S_1_Unit_Plane.uexp" 173
"../../../Engine/Content/EngineMaterials/DefaultMaterial.uasset" 174
"../../../Engine/Content/EngineMaterials/DefaultMaterial.uexp" 175
"../../../Engine/Content/BasicShapes/Cone.uasset" 176
"../../../Engine/Content/BasicShapes/Cone.uexp" 177
"../../../Engine/Content/BasicShapes/Cube.uasset" 178
"../../../Engine/Content/BasicShapes/Cube.uexp" 179
"../../../Engine/Content/BasicShapes/Plane.uasset" 180
"../../../Engine/Content/BasicShapes/Plane.uexp" 181
"../../../Engine/Content/BasicShapes/Sphere.uasset" 182
"../../../Engine/Content/BasicShapes/Sphere.uexp" 183
"../../../Engine/Content/EditorLandscapeResources/DataLayer.uasset" 184
"../../../Engine/Content/EditorLandscapeResources/DataLayer.uexp" 185
"../../../Engine/Content/EditorLandscapeResources/DefaultAlphaTexture.uasset" 186
"../../../Engine/Content/EditorLandscapeResources/DefaultAlphaTexture.uexp" 187
"../../../Engine/Content/EditorMaterials/MAT_Groups_Toggle.uasset" 188
"../../../Engine/Content/EditorMaterials/MAT_Groups_Toggle.uexp" 189
"../../../Engine/Content/EditorMaterials/MAT_Groups_Visibility.uasset" 190
"../../../Engine/Content/EditorMaterials/MAT_Groups_Visibility.uexp" 191
"../../../Engine/Content/EditorMaterials/PreviewShadowIndicator.uasset" 192
"../../../Engine/Content/EditorMaterials/PreviewShadowIndicator.uexp" 193
"../../../Engine/Content/EditorMaterials/PreviewShadowIndicator.ubulk" 194
"../../../Engine/Content/EditorMaterials/PreviewShadowIndicatorMaterial.uasset" 195
"../../../Engine/Content/EditorMaterials/PreviewShadowIndicatorMaterial.uexp" 196
"../../../Engine/Content/EditorMaterials/MatineeGroups/MAT_ColorTrack.uasset" 197
"../../../Engine/Content/EditorMaterials/MatineeGroups/MAT_ColorTrack.uexp" 198
"../../../Engine/Content/EditorMaterials/MatineeGroups/MAT_Groups_Anim.uasset" 199
"../../../Engine/Content/EditorMaterials/MatineeGroups/MAT_Groups_Anim.uexp" 200
"../../../Engine/Content/EditorMaterials/MatineeGroups/MAT_Groups_AudioMaster.uasset" 201
"../../../Engine/Content/EditorMaterials/MatineeGroups/MAT_Groups_AudioMaster.uexp" 202
"../../../Engine/Content/EditorMaterials/MatineeGroups/MAT_Groups_Director.uasset" 203
"../../../Engine/Content/EditorMaterials/MatineeGroups/MAT_Groups_Director.uexp" 204
"../../../Engine/Content/EditorMaterials/MatineeGroups/MAT_Groups_Event.uasset" 205
"../../../Engine/Content/EditorMaterials/MatineeGroups/MAT_Groups_Event.uexp" 206
"../../../Engine/Content/EditorMaterials/MatineeGroups/MAT_Groups_Fade.uasset" 207
"../../../Engine/Content/EditorMaterials/MatineeGroups/MAT_Groups_Fade.uexp" 208
"../../../Engine/Content/EditorMaterials/MatineeGroups/MAT_Groups_Float.uasset" 209
"../../../Engine/Content/EditorMaterials/MatineeGroups/MAT_Groups_Float.uexp" 210
"../../../Engine/Content/EditorMaterials/MatineeGroups/MAT_Groups_Move.uasset" 211
"../../../Engine/Content/EditorMaterials/MatineeGroups/MAT_Groups_Move.uexp" 212
"../../../Engine/Content/EditorMaterials/MatineeGroups/MAT_Groups_Slomo.uasset" 213
"../../../Engine/Content/EditorMaterials/MatineeGroups/MAT_Groups_Slomo.uexp" 214
"../../../Engine/Content/EditorMaterials/MatineeGroups/MAT_Groups_Sound.uasset" 215
"../../../Engine/Content/EditorMaterials/MatineeGroups/MAT_Groups_Sound.uexp" 216
"../../../Engine/Content/EditorMaterials/MatineeGroups/MAT_Groups_Vector.uasset" 217
"../../../Engine/Content/EditorMaterials/MatineeGroups/MAT_Groups_Vector.uexp" 218
"../../../Engine/Content/EditorMaterials/ParticleSystems/PSysThumbnail_NoImage.uasset" 219
"../../../Engine/Content/EditorMaterials/ParticleSystems/PSysThumbnail_NoImage.uexp" 220
"../../../Engine/Content/EditorMaterials/ParticleSystems/PSysThumbnail_NoImage.ubulk" 221
"../../../Engine/Content/EditorMaterials/ParticleSystems/PSysThumbnail_OOD.uasset" 222
"../../../Engine/Content/EditorMaterials/ParticleSystems/PSysThumbnail_OOD.uexp" 223
"../../../Engine/Content/EditorMaterials/ParticleSystems/PSysThumbnail_OOD.ubulk" 224
"../../../Engine/Content/EditorMaterials/Camera/CineMat.uasset" 225
"../../../Engine/Content/EditorMaterials/Camera/CineMat.uexp" 226
"../../../Engine/Content/EditorMaterials/Camera/MI_CineMat_Rig.uasset" 227
"../../../Engine/Content/EditorMaterials/Camera/MI_CineMat_Rig.uexp" 228
"../../../Engine/Content/EditorMeshes/Camera/SM_CraneRig_Arm.uasset" 229
"../../../Engine/Content/EditorMeshes/Camera/SM_CraneRig_Arm.uexp" 230
"../../../Engine/Content/EditorMeshes/Camera/SM_CraneRig_Base.uasset" 231
"../../../Engine/Content/EditorMeshes/Camera/SM_CraneRig_Base.uexp" 232
"../../../Engine/Content/EditorMeshes/Camera/SM_CraneRig_Body.uasset" 233
"../../../Engine/Content/EditorMeshes/Camera/SM_CraneRig_Body.uexp" 234
"../../../Engine/Content/EditorMeshes/Camera/SM_CraneRig_Mount.uasset" 235
"../../../Engine/Content/EditorMeshes/Camera/SM_CraneRig_Mount.uexp" 236
"../../../Engine/Content/EditorMeshes/Camera/SM_RailRig_Mount.uasset" 237
"../../../Engine/Content/EditorMeshes/Camera/SM_RailRig_Mount.uexp" 238
"../../../Engine/Content/EditorMeshes/Camera/SM_RailRig_Track.uasset" 239
"../../../Engine/Content/EditorMeshes/Camera/SM_RailRig_Track.uexp" 240
"../../../Engine/Content/EditorResources/BSPVertex.uasset" 241
"../../../Engine/Content/EditorResources/BSPVertex.uexp" 242
"../../../Engine/Content/EditorResources/EmptyActor.uasset" 243
"../../../Engine/Content/EditorResources/EmptyActor.uexp" 244
"../../../Engine/Content/EditorResources/S_Actor.uasset" 245
"../../../Engine/Content/EditorResources/S_Actor.uexp" 246
"../../../Engine/Content/EditorResources/S_Actor.ubulk" 247
"../../../Engine/Content/EditorResources/S_Note.uasset" 248
"../../../Engine/Content/EditorResources/S_Note.uexp" 249
"../../../Engine/Content/EditorResources/S_Note.ubulk" 250
"../../../Engine/Content/EditorResources/S_Solver.uasset" 251
"../../../Engine/Content/EditorResources/S_Solver.uexp" 252
"../../../Engine/Content/EditorResources/S_Solver.ubulk" 253
"../../../Engine/Content/EditorResources/S_Terrain.uasset" 254
"../../../Engine/Content/EditorResources/S_Terrain.uexp" 255
"../../../Engine/Content/EditorResources/S_Terrain.ubulk" 256
"../../../Engine/Content/EditorResources/S_Trigger.uasset" 257
"../../../Engine/Content/EditorResources/S_Trigger.uexp" 258
"../../../Engine/Content/EditorResources/S_Trigger.ubulk" 259
"../../../Engine/Content/EditorResources/LightIcons/S_LightError.uasset" 260
"../../../Engine/Content/EditorResources/LightIcons/S_LightError.uexp" 261
"../../../Engine/Content/EditorResources/SequenceRecorder/Countdown.uasset" 262
"../../../Engine/Content/EditorResources/SequenceRecorder/Countdown.uexp" 263
"../../../Engine/Content/EditorResources/SequenceRecorder/RecordingIndicator.uasset" 264
"../../../Engine/Content/EditorResources/SequenceRecorder/RecordingIndicator.uexp" 265
"../../../Engine/Content/EngineDamageTypes/DmgTypeBP_Environmental.uasset" 266
"../../../Engine/Content/EngineDamageTypes/DmgTypeBP_Environmental.uexp" 267
"../../../Engine/Content/EngineDebugMaterials/DebugEditorMaterial.uasset" 268
"../../../Engine/Content/EngineDebugMaterials/DebugEditorMaterial.uexp" 269
"../../../Engine/Content/EngineDebugMaterials/DebugMeshMaterial.uasset" 270
"../../../Engine/Content/EngineDebugMaterials/DebugMeshMaterial.uexp" 271
"../../../Engine/Content/EngineDebugMaterials/M_SimpleUnlitTranslucent.uasset" 272
"../../../Engine/Content/EngineDebugMaterials/M_SimpleUnlitTranslucent.uexp" 273
"../../../Engine/Content/EngineDebugMaterials/VolumeToRender.uasset" 274
"../../../Engine/Content/EngineDebugMaterials/VolumeToRender.uexp" 275
"../../../Engine/Content/Functions/Engine_MaterialFunctions02/Utility/CameraDirectionVector.uasset" 276
"../../../Engine/Content/Functions/Engine_MaterialFunctions02/Utility/CameraDirectionVector.uexp" 277
"../../../Engine/Content/EngineDebugMaterials/M_VolumeRenderSphereTracePP.uasset" 278
"../../../Engine/Content/EngineDebugMaterials/M_VolumeRenderSphereTracePP.uexp" 279
"../../../Engine/Content/Functions/Engine_MaterialFunctions01/Shading/ConvertFromDiffSpec.uasset" 280
"../../../Engine/Content/Functions/Engine_MaterialFunctions01/Shading/ConvertFromDiffSpec.uexp" 281
"../../../Engine/Content/EngineDebugMaterials/VertexColorMaterial.uasset" 282
"../../../Engine/Content/EngineDebugMaterials/VertexColorMaterial.uexp" 283
"../../../Engine/Content/EngineDebugMaterials/WireframeMaterial.uasset" 284
"../../../Engine/Content/EngineDebugMaterials/WireframeMaterial.uexp" 285
"../../../Engine/Content/EngineFonts/Faces/RobotoRegular.uasset" 286
"../../../Engine/Content/EngineFonts/Faces/RobotoRegular.uexp" 287
"../../../Engine/Content/EngineFonts/Faces/RobotoRegular.ufont" 288
"../../../Engine/Content/EngineFonts/Faces/RobotoLight.uasset" 289
"../../../Engine/Content/EngineFonts/Faces/RobotoLight.uexp" 290
"../../../Engine/Content/EngineFonts/Faces/RobotoLight.ufont" 291
"../../../Engine/Content/EngineFonts/Faces/RobotoItalic.uasset" 292
"../../../Engine/Content/EngineFonts/Faces/RobotoItalic.uexp" 293
"../../../Engine/Content/EngineFonts/Faces/RobotoItalic.ufont" 294
"../../../Engine/Content/EngineFonts/Faces/RobotoBoldItalic.uasset" 295
"../../../Engine/Content/EngineFonts/Faces/RobotoBoldItalic.uexp" 296
"../../../Engine/Content/EngineFonts/Faces/RobotoBoldItalic.ufont" 297
"../../../Engine/Content/EngineFonts/Faces/RobotoBold.uasset" 298
"../../../Engine/Content/EngineFonts/Faces/RobotoBold.uexp" 299
"../../../Engine/Content/EngineFonts/Faces/RobotoBold.ufont" 300
"../../../Engine/Content/EngineFonts/Faces/DroidSansFallback.uasset" 301
"../../../Engine/Content/EngineFonts/Faces/DroidSansFallback.uexp" 302
"../../../Engine/Content/EngineFonts/Faces/DroidSansFallback.ufont" 303
"../../../Engine/Content/EngineFonts/Roboto.uasset" 304
"../../../Engine/Content/EngineFonts/Roboto.uexp" 305
"../../../Engine/Content/EngineMaterials/BaseFlattenNormalMap.uasset" 306
"../../../Engine/Content/EngineMaterials/BaseFlattenNormalMap.uexp" 307
"../../../Engine/Content/EngineMaterials/BaseFlattenEmissiveMap.uasset" 308
"../../../Engine/Content/EngineMaterials/BaseFlattenEmissiveMap.uexp" 309
"../../../Engine/Content/EngineMaterials/BaseFlattenDiffuseMap.uasset" 310
"../../../Engine/Content/EngineMaterials/BaseFlattenDiffuseMap.uexp" 311
"../../../Engine/Content/EngineMaterials/BaseFlattenGrayscaleMap.uasset" 312
"../../../Engine/Content/EngineMaterials/BaseFlattenGrayscaleMap.uexp" 313
"../../../Engine/Content/EngineMaterials/BaseFlattenMaterial.uasset" 314
"../../../Engine/Content/EngineMaterials/BaseFlattenMaterial.uexp" 315
"../../../Engine/Content/EngineMaterials/BlueNoise.uasset" 316
"../../../Engine/Content/EngineMaterials/BlueNoise.uexp" 317
"../../../Engine/Content/EngineMaterials/DefaultBloomKernel.uasset" 318
"../../../Engine/Content/EngineMaterials/DefaultBloomKernel.uexp" 319
"../../../Engine/Content/EngineMaterials/DefaultBokeh.uasset" 320
"../../../Engine/Content/EngineMaterials/DefaultBokeh.uexp" 321
"../../../Engine/Content/EngineMaterials/DefaultDiffuse.uasset" 322
"../../../Engine/Content/EngineMaterials/DefaultDiffuse.uexp" 323
"../../../Engine/Content/EngineMaterials/DefaultDiffuse.ubulk" 324
"../../../Engine/Content/EngineMaterials/DefaultDeferredDecalMaterial.uasset" 325
"../../../Engine/Content/EngineMaterials/DefaultDeferredDecalMaterial.uexp" 326
"../../../Engine/Content/EngineMaterials/DefaultLightFunctionMaterial.uasset" 327
"../../../Engine/Content/EngineMaterials/DefaultLightFunctionMaterial.uexp" 328
"../../../Engine/Content/Functions/Engine_MaterialFunctions02/Utility/BreakOutFloat2Components.uasset" 329
"../../../Engine/Content/Functions/Engine_MaterialFunctions02/Utility/BreakOutFloat2Components.uexp" 330
"../../../Engine/Content/EngineMaterials/DefaultPostProcessMaterial.uasset" 331
"../../../Engine/Content/EngineMaterials/DefaultPostProcessMaterial.uexp" 332
"../../../Engine/Content/EngineFonts/RobotoDistanceField.uasset" 333
"../../../Engine/Content/EngineFonts/RobotoDistanceField.uexp" 334
"../../../Engine/Content/EngineMaterials/DefaultTextMaterialOpaque.uasset" 335
"../../../Engine/Content/EngineMaterials/DefaultTextMaterialOpaque.uexp" 336
"../../../Engine/Content/EngineMaterials/DefaultWhiteGrid.uasset" 337
"../../../Engine/Content/EngineMaterials/DefaultWhiteGrid.uexp" 338
"../../../Engine/Content/EngineMaterials/DefaultWhiteGrid.ubulk" 339
"../../../Engine/Content/EngineMaterials/DefaultWhiteGrid_Low.uasset" 340
"../../../Engine/Content/EngineMaterials/DefaultWhiteGrid_Low.uexp" 341
"../../../Engine/Content/EngineMaterials/EmissiveMeshMaterial.uasset" 342
"../../../Engine/Content/EngineMaterials/EmissiveMeshMaterial.uexp" 343
"../../../Engine/Content/EngineMaterials/GizmoMaterial.uasset" 344
"../../../Engine/Content/EngineMaterials/GizmoMaterial.uexp" 345
"../../../Engine/Content/EngineMaterials/Good64x64TilingNoiseHighFreq.uasset" 346
"../../../Engine/Content/EngineMaterials/Good64x64TilingNoiseHighFreq.uexp" 347
"../../../Engine/Content/EngineMaterials/MiniFont.uasset" 348
"../../../Engine/Content/EngineMaterials/MiniFont.uexp" 349
"../../../Engine/Content/EngineMaterials/InvalidLightmapSettings.uasset" 350
"../../../Engine/Content/EngineMaterials/InvalidLightmapSettings.uexp" 351
"../../../Engine/Content/EngineMaterials/InvalidLightmapSettings.ubulk" 352
"../../../Engine/Content/EngineMaterials/M_InvalidLightmapSettings.uasset" 353
"../../../Engine/Content/EngineMaterials/M_InvalidLightmapSettings.uexp" 354
"../../../Engine/Content/Functions/Engine_MaterialFunctions02/WorldPositionOffset/CameraOffset.uasset" 355
"../../../Engine/Content/Functions/Engine_MaterialFunctions02/WorldPositionOffset/CameraOffset.uexp" 356
"../../../Engine/Content/EngineMaterials/PhAT_JointLimitMaterial.uasset" 357
"../../../Engine/Content/EngineMaterials/PhAT_JointLimitMaterial.uexp" 358
"../../../Engine/Content/EngineMaterials/DefaultCalibrationColor.uasset" 359
"../../../Engine/Content/EngineMaterials/DefaultCalibrationColor.uexp" 360
"../../../Engine/Content/EngineMaterials/PPM_DefaultCalibrationColor.uasset" 361
"../../../Engine/Content/EngineMaterials/PPM_DefaultCalibrationColor.uexp" 362
"../../../Engine/Content/EngineMaterials/DefaultCalibrationGrayscale.uasset" 363
"../../../Engine/Content/EngineMaterials/DefaultCalibrationGrayscale.uexp" 364
"../../../Engine/Content/EngineMaterials/PPM_DefaultCalibrationGrayscale.uasset" 365
"../../../Engine/Content/EngineMaterials/PPM_DefaultCalibrationGrayscale.uexp" 366
"../../../Engine/Content/EngineMaterials/PreintegratedSkinBRDF.uasset" 367
"../../../Engine/Content/EngineMaterials/PreintegratedSkinBRDF.uexp" 368
"../../../Engine/Content/EngineMaterials/RemoveSurfaceMaterial.uasset" 369
"../../../Engine/Content/EngineMaterials/RemoveSurfaceMaterial.uexp" 370
"../../../Engine/Content/EngineResources/WhiteSquareTexture.uasset" 371
"../../../Engine/Content/EngineResources/WhiteSquareTexture.uexp" 372
"../../../Engine/Content/EngineMaterials/Widget3DPassThrough.uasset" 373
"../../../Engine/Content/EngineMaterials/Widget3DPassThrough.uexp" 374
"../../../Engine/Content/EngineMaterials/Widget3DPassThrough_Masked.uasset" 375
"../../../Engine/Content/EngineMaterials/Widget3DPassThrough_Masked.uexp" 376
"../../../Engine/Content/EngineMaterials/Widget3DPassThrough_Opaque.uasset" 377
"../../../Engine/Content/EngineMaterials/Widget3DPassThrough_Opaque.uexp" 378
"../../../Engine/Content/EngineMaterials/Widget3DPassThrough_Masked_OneSided.uasset" 379
"../../../Engine/Content/EngineMaterials/Widget3DPassThrough_Masked_OneSided.uexp" 380
"../../../Engine/Content/EngineMaterials/Widget3DPassThrough_Opaque_OneSided.uasset" 381
"../../../Engine/Content/EngineMaterials/Widget3DPassThrough_Opaque_OneSided.uexp" 382
"../../../Engine/Content/EngineMaterials/Widget3DPassThrough_Translucent.uasset" 383
"../../../Engine/Content/EngineMaterials/Widget3DPassThrough_Translucent.uexp" 384
"../../../Engine/Content/EngineMaterials/Widget3DPassThrough_Translucent_OneSided.uasset" 385
"../../../Engine/Content/EngineMaterials/Widget3DPassThrough_Translucent_OneSided.uexp" 386
"../../../Engine/Content/EngineMeshes/Cylinder.uasset" 387
"../../../Engine/Content/EngineMeshes/Cylinder.uexp" 388
"../../../Engine/Content/EngineMeshes/Sphere.uasset" 389
"../../../Engine/Content/EngineMeshes/Sphere.uexp" 390
"../../../Engine/Content/EngineResources/DefaultTexture.uasset" 391
"../../../Engine/Content/EngineResources/DefaultTexture.uexp" 392
"../../../Engine/Content/EngineResources/DefaultTexture.ubulk" 393
"../../../Engine/Content/EngineResources/DefaultTextureCube.uasset" 394
"../../../Engine/Content/EngineResources/DefaultTextureCube.uexp" 395
"../../../Engine/Content/EngineResources/DefaultVolumeTexture2D.uasset" 396
"../../../Engine/Content/EngineResources/DefaultVolumeTexture2D.uexp" 397
"../../../Engine/Content/EngineResources/DefaultVolumeTexture.uasset" 398
"../../../Engine/Content/EngineResources/DefaultVolumeTexture.uexp" 399
"../../../Engine/Content/EngineResources/GradientTexture0.uasset" 400
"../../../Engine/Content/EngineResources/GradientTexture0.uexp" 401
"../../../Engine/Content/EngineSky/VolumetricClouds/T_NoiseShape64.uasset" 402
"../../../Engine/Content/EngineSky/VolumetricClouds/T_NoiseShape64.uexp" 403
"../../../Engine/Content/EngineSky/VolumetricClouds/T_NoiseShape64.ubulk" 404
"../../../Engine/Content/EngineSky/VolumetricClouds/T_VolumeNoiseShape64.uasset" 405
"../../../Engine/Content/EngineSky/VolumetricClouds/T_VolumeNoiseShape64.uexp" 406
"../../../Engine/Content/EngineSky/VolumetricClouds/T_NoiseErosion.uasset" 407
"../../../Engine/Content/EngineSky/VolumetricClouds/T_NoiseErosion.uexp" 408
"../../../Engine/Content/EngineSky/VolumetricClouds/T_NoiseErosion.ubulk" 409
"../../../Engine/Content/EngineSky/VolumetricClouds/T_VolumeNoiseErosion32.uasset" 410
"../../../Engine/Content/EngineSky/VolumetricClouds/T_VolumeNoiseErosion32.uexp" 411
"../../../Engine/Content/EngineSky/VolumetricClouds/CloudWeatherTexture.uasset" 412
"../../../Engine/Content/EngineSky/VolumetricClouds/CloudWeatherTexture.uexp" 413
"../../../Engine/Content/EngineSky/VolumetricClouds/CloudGradientTexture.uasset" 414
"../../../Engine/Content/EngineSky/VolumetricClouds/CloudGradientTexture.uexp" 415
"../../../Engine/Content/Functions/Engine_MaterialFunctions02/Utility/MakeFloat2.uasset" 416
"../../../Engine/Content/Functions/Engine_MaterialFunctions02/Utility/MakeFloat2.uexp" 417
"../../../Engine/Content/EngineSky/VolumetricClouds/m_SimpleVolumetricCloud.uasset" 418
"../../../Engine/Content/EngineSky/VolumetricClouds/m_SimpleVolumetricCloud.uexp" 419
"../../../Engine/Content/EngineSky/VolumetricClouds/m_SimpleVolumetricCloud_Inst.uasset" 420
"../../../Engine/Content/EngineSky/VolumetricClouds/m_SimpleVolumetricCloud_Inst.uexp" 421
"../../../Engine/Content/EngineSounds/Master.uasset" 422
"../../../Engine/Content/EngineSounds/Master.uexp" 423
"../../../Engine/Content/Functions/Engine_MaterialFunctions01/Shading/PowerToRoughness.uasset" 424
"../../../Engine/Content/Functions/Engine_MaterialFunctions01/Shading/PowerToRoughness.uexp" 425
"../../../Engine/Content/Functions/Engine_MaterialFunctions02/SplitComponents.uasset" 426
"../../../Engine/Content/Functions/Engine_MaterialFunctions02/SplitComponents.uexp" 427
"../../../Engine/Content/Functions/Engine_MaterialFunctions01/Gradient/LinearGradient.uasset" 428
"../../../Engine/Content/Functions/Engine_MaterialFunctions01/Gradient/LinearGradient.uexp" 429
"../../../Engine/Content/Functions/Engine_MaterialFunctions01/ImageAdjustment/CheapContrast.uasset" 430
"../../../Engine/Content/Functions/Engine_MaterialFunctions01/ImageAdjustment/CheapContrast.uexp" 431
"../../../Engine/Content/Functions/Engine_MaterialFunctions02/Texturing/HeightLerp.uasset" 432
"../../../Engine/Content/Functions/Engine_MaterialFunctions02/Texturing/HeightLerp.uexp" 433
"../../../Engine/Content/Functions/Engine_MaterialFunctions02/Utility/BlendAngleCorrectedNormals.uasset" 434
"../../../Engine/Content/Functions/Engine_MaterialFunctions02/Utility/BlendAngleCorrectedNormals.uexp" 435
"../../../Engine/Content/Maps/Templates/Thumbnails/Default.uasset" 436
"../../../Engine/Content/Maps/Templates/Thumbnails/Default.uexp" 437
"../../../Engine/Content/Maps/Templates/Thumbnails/TimeOfDay.uasset" 438
"../../../Engine/Content/Maps/Templates/Thumbnails/TimeOfDay.uexp" 439
"../../../Engine/Content/Maps/Templates/Thumbnails/VR-Basic.uasset" 440
"../../../Engine/Content/Maps/Templates/Thumbnails/VR-Basic.uexp" 441
"../../../Engine/Content/MobileResources/T_MobileControls_texture.uasset" 442
"../../../Engine/Content/MobileResources/T_MobileControls_texture.uexp" 443
"../../../Engine/Content/MobileResources/T_MobileMenu2.uasset" 444
"../../../Engine/Content/MobileResources/T_MobileMenu2.uexp" 445
"../../../Engine/Content/MobileResources/HUD/AnalogHat.uasset" 446
"../../../Engine/Content/MobileResources/HUD/AnalogHat.uexp" 447
"../../../Engine/Content/MobileResources/HUD/VirtualJoystick_Thumb.uasset" 448
"../../../Engine/Content/MobileResources/HUD/VirtualJoystick_Thumb.uexp" 449
"../../../Engine/Content/MobileResources/HUD/VirtualJoystick_Background.uasset" 450
"../../../Engine/Content/MobileResources/HUD/VirtualJoystick_Background.uexp" 451
"../../../Engine/Content/MobileResources/HUD/DefaultVirtualJoysticks.uasset" 452
"../../../Engine/Content/MobileResources/HUD/DefaultVirtualJoysticks.uexp" 453
"../../../Engine/Content/MobileResources/HUD/LeftVirtualJoystickOnly.uasset" 454
"../../../Engine/Content/MobileResources/HUD/LeftVirtualJoystickOnly.uexp" 455
"../../../Engine/Content/MobileResources/HUD/MobileHUDButton1_off.uasset" 456
"../../../Engine/Content/MobileResources/HUD/MobileHUDButton1_off.uexp" 457
"../../../Engine/Content/MobileResources/HUD/MobileHUDButton1_on.uasset" 458
"../../../Engine/Content/MobileResources/HUD/MobileHUDButton1_on.uexp" 459
"../../../Engine/Content/MobileResources/HUD/MobileHUDButton2_off.uasset" 460
"../../../Engine/Content/MobileResources/HUD/MobileHUDButton2_off.uexp" 461
"../../../Engine/Content/MobileResources/HUD/MobileHUDButton2_on.uasset" 462
"../../../Engine/Content/MobileResources/HUD/MobileHUDButton2_on.uexp" 463
"../../../Engine/Content/MobileResources/HUD/MobileHUDButton3.uasset" 464
"../../../Engine/Content/MobileResources/HUD/MobileHUDButton3.uexp" 465
"../../../Engine/Content/MobileResources/HUD/MobileHUDButtonFire.uasset" 466
"../../../Engine/Content/MobileResources/HUD/MobileHUDButtonFire.uexp" 467
"../../../Engine/Content/MobileResources/HUD/MobileHUDDirectionPad.uasset" 468
"../../../Engine/Content/MobileResources/HUD/MobileHUDDirectionPad.uexp" 469
"../../../Engine/Content/MobileResources/HUD/MobileHUDDirectionPad2.uasset" 470
"../../../Engine/Content/MobileResources/HUD/MobileHUDDirectionPad2.uexp" 471
"../../../Engine/Content/MobileResources/HUD/MobileHUDDirectionPad3.uasset" 472
"../../../Engine/Content/MobileResources/HUD/MobileHUDDirectionPad3.uexp" 473
"../../../Engine/Content/MobileResources/HUD/MobileHUDDirectionStick.uasset" 474
"../../../Engine/Content/MobileResources/HUD/MobileHUDDirectionStick.uexp" 475
"../../../Engine/Content/MobileResources/HUD/T_Castle_ThumbstickInner.uasset" 476
"../../../Engine/Content/MobileResources/HUD/T_Castle_ThumbstickInner.uexp" 477
"../../../Engine/Content/MobileResources/HUD/T_Castle_ThumbstickOutter.uasset" 478
"../../../Engine/Content/MobileResources/HUD/T_Castle_ThumbstickOutter.uexp" 479
"../../../Engine/Content/Tutorial/ContentIntroCurve.uasset" 480
"../../../Engine/Content/Tutorial/ContentIntroCurve.uexp" 481
"../../../Engine/Content/Tutorial/Landscape/TutorialAssets/Landscape.uasset" 482
"../../../Engine/Content/Tutorial/Landscape/TutorialAssets/Landscape.uexp" 483
"../../../Engine/Content/EditorBlueprintResources/StandardMacros.uasset" 484
"../../../Engine/Content/EditorBlueprintResources/StandardMacros.uexp" 485
"../../../Engine/Content/VREditor/TransformGizmo/TranslucentTransformGizmoMaterial.uasset" 486
"../../../Engine/Content/VREditor/TransformGizmo/TranslucentTransformGizmoMaterial.uexp" 487
"../../../Engine/Content/VREditor/LaserPointer/VR_LaserPower_01.uasset" 488
"../../../Engine/Content/VREditor/LaserPointer/VR_LaserPower_01.uexp" 489
"../../../Engine/Content/VREditor/LaserPointer/VR_LaserPower_01.ubulk" 490
"../../../Engine/Content/VREditor/TransformGizmo/TransformGizmoMaterial.uasset" 491
"../../../Engine/Content/VREditor/TransformGizmo/TransformGizmoMaterial.uexp" 492
"../../../Engine/Content/VREditor/TransformGizmo/BoundingBoxCorner.uasset" 493
"../../../Engine/Content/VREditor/TransformGizmo/BoundingBoxCorner.uexp" 494
"../../../Engine/Content/VREditor/TransformGizmo/BoundingBoxEdge.uasset" 495
"../../../Engine/Content/VREditor/TransformGizmo/BoundingBoxEdge.uexp" 496
"../../../Engine/Content/VREditor/TransformGizmo/PlaneTranslationHandle.uasset" 497
"../../../Engine/Content/VREditor/TransformGizmo/PlaneTranslationHandle.uexp" 498
"../../../Engine/Content/VREditor/TransformGizmo/Xray.uasset" 499
"../../../Engine/Content/VREditor/TransformGizmo/Xray.uexp" 500
"../../../Engine/Content/VREditor/TransformGizmo/Main.uasset" 501
"../../../Engine/Content/VREditor/TransformGizmo/Main.uexp" 502
"../../../Engine/Content/VREditor/TransformGizmo/SM_Sequencer_Key.uasset" 503
"../../../Engine/Content/VREditor/TransformGizmo/SM_Sequencer_Key.uexp" 504
"../../../Engine/Content/VREditor/TransformGizmo/SM_Sequencer_Node.uasset" 505
"../../../Engine/Content/VREditor/TransformGizmo/SM_Sequencer_Node.uexp" 506
"../../../Engine/Plugins/2D/Paper2D/Content/PlaceholderTextures/DummySpriteTexture.uasset" 507
"../../../Engine/Plugins/2D/Paper2D/Content/PlaceholderTextures/DummySpriteTexture.uexp" 508
"../../../Engine/Plugins/2D/Paper2D/Content/PlaceholderTextures/DummySpriteTexture.ubulk" 509
"../../../Engine/Plugins/2D/Paper2D/Content/DummySprite.uasset" 510
"../../../Engine/Plugins/2D/Paper2D/Content/DummySprite.uexp" 511
"../../../Engine/Plugins/2D/Paper2D/Content/DefaultPaperTerrainMaterial.uasset" 512
"../../../Engine/Plugins/2D/Paper2D/Content/DefaultPaperTerrainMaterial.uexp" 513
"../../../Engine/Plugins/2D/Paper2D/Content/DefaultSpriteMaterial.uasset" 514
"../../../Engine/Plugins/2D/Paper2D/Content/DefaultSpriteMaterial.uexp" 515
"../../../Engine/Plugins/2D/Paper2D/Content/MaskedUnlitSpriteMaterial.uasset" 516
"../../../Engine/Plugins/2D/Paper2D/Content/MaskedUnlitSpriteMaterial.uexp" 517
"../../../Engine/Plugins/2D/Paper2D/Content/OpaqueUnlitSpriteMaterial.uasset" 518
"../../../Engine/Plugins/2D/Paper2D/Content/OpaqueUnlitSpriteMaterial.uexp" 519
"../../../Engine/Content/Functions/Engine_MaterialFunctions02/Utility/BreakOutFloat3Components.uasset" 520
"../../../Engine/Content/Functions/Engine_MaterialFunctions02/Utility/BreakOutFloat3Components.uexp" 521
"../../../Engine/Plugins/Editor/SpeedTreeImporter/Content/SpeedTree9/UnpackInteger3.uasset" 522
"../../../Engine/Plugins/Editor/SpeedTreeImporter/Content/SpeedTree9/UnpackInteger3.uexp" 523
"../../../Engine/Plugins/Editor/SpeedTreeImporter/Content/SpeedTree9/UnpackDirection.uasset" 524
"../../../Engine/Plugins/Editor/SpeedTreeImporter/Content/SpeedTree9/UnpackDirection.uexp" 525
"../../../Engine/Plugins/Editor/SpeedTreeImporter/Content/SpeedTree9/game_wind_noise.uasset" 526
"../../../Engine/Plugins/Editor/SpeedTreeImporter/Content/SpeedTree9/game_wind_noise.uexp" 527
"../../../Engine/Plugins/Editor/SpeedTreeImporter/Content/SpeedTree9/game_wind_noise.ubulk" 528
"../../../Engine/Content/Functions/Engine_MaterialFunctions02/SafeNormalize.uasset" 529
"../../../Engine/Content/Functions/Engine_MaterialFunctions02/SafeNormalize.uexp" 530
"../../../Engine/Plugins/Editor/SpeedTreeImporter/Content/SpeedTree9/SpeedTreeWindMotion.uasset" 531
"../../../Engine/Plugins/Editor/SpeedTreeImporter/Content/SpeedTree9/SpeedTreeWindMotion.uexp" 532
"../../../Engine/Plugins/Editor/SpeedTreeImporter/Content/SpeedTree9/SpeedTreeBranchMotion.uasset" 533
"../../../Engine/Plugins/Editor/SpeedTreeImporter/Content/SpeedTree9/SpeedTreeBranchMotion.uexp" 534
"../../../Engine/Content/Functions/Engine_MaterialFunctions02/ObjectLocalBounds.uasset" 535
"../../../Engine/Content/Functions/Engine_MaterialFunctions02/ObjectLocalBounds.uexp" 536
"../../../Engine/Content/Functions/Engine_MaterialFunctions02/UVs/BoundingBoxBased_0-1_UVW.uasset" 537
"../../../Engine/Content/Functions/Engine_MaterialFunctions02/UVs/BoundingBoxBased_0-1_UVW.uexp" 538
"../../../Engine/Content/Functions/Engine_MaterialFunctions02/Utility/VectorLength.uasset" 539
"../../../Engine/Content/Functions/Engine_MaterialFunctions02/Utility/VectorLength.uexp" 540
"../../../Engine/Content/Functions/Engine_MaterialFunctions02/WorldPositionOffset/ObjectScale.uasset" 541
"../../../Engine/Content/Functions/Engine_MaterialFunctions02/WorldPositionOffset/ObjectScale.uexp" 542
"../../../Engine/Plugins/Editor/SpeedTreeImporter/Content/SpeedTree9/SpeedTreeWind.uasset" 543
"../../../Engine/Plugins/Editor/SpeedTreeImporter/Content/SpeedTree9/SpeedTreeWind.uexp" 544
"../../../Engine/Plugins/Editor/SpeedTreeImporter/Content/SpeedTree9/SpeedTreeBillboard.uasset" 545
"../../../Engine/Plugins/Editor/SpeedTreeImporter/Content/SpeedTree9/SpeedTreeBillboard.uexp" 546
"../../../Engine/Plugins/Editor/SpeedTreeImporter/Content/SpeedTree9/EmptyNormal.uasset" 547
"../../../Engine/Plugins/Editor/SpeedTreeImporter/Content/SpeedTree9/EmptyNormal.uexp" 548
"../../../Engine/Plugins/Editor/SpeedTreeImporter/Content/SpeedTree9/Empty.uasset" 549
"../../../Engine/Plugins/Editor/SpeedTreeImporter/Content/SpeedTree9/Empty.uexp" 550
"../../../Engine/Plugins/Editor/SpeedTreeImporter/Content/SpeedTree9/SpeedTreeBillboardMaster.uasset" 551
"../../../Engine/Plugins/Editor/SpeedTreeImporter/Content/SpeedTree9/SpeedTreeBillboardMaster.uexp" 552
"../../../Engine/Plugins/Editor/SpeedTreeImporter/Content/SpeedTree9/SpeedTreeCameraFacing.uasset" 553
"../../../Engine/Plugins/Editor/SpeedTreeImporter/Content/SpeedTree9/SpeedTreeCameraFacing.uexp" 554
"../../../Engine/Plugins/Editor/SpeedTreeImporter/Content/SpeedTree9/SpeedTreeMaster.uasset" 555
"../../../Engine/Plugins/Editor/SpeedTreeImporter/Content/SpeedTree9/SpeedTreeMaster.uexp" 556
"../../../Engine/Content/BasicShapes/Cylinder.uasset" 557
"../../../Engine/Content/BasicShapes/Cylinder.uexp" 558
"../../../Engine/Content/ArtTools/RenderToTexture/Materials/Debug/M_Emissive_Color.uasset" 559
"../../../Engine/Content/ArtTools/RenderToTexture/Materials/Debug/M_Emissive_Color.uexp" 560
"../../../Engine/Plugins/Lumin/MagicLeapPassableWorld/Content/MagicLeapARPinInfoActor.uasset" 561
"../../../Engine/Plugins/Lumin/MagicLeapPassableWorld/Content/MagicLeapARPinInfoActor.uexp" 562
"../../../Engine/Plugins/Runtime/OpenXR/Content/Devices/GoogleDaydream/MRTexture.uasset" 563
"../../../Engine/Plugins/Runtime/OpenXR/Content/Devices/GoogleDaydream/MRTexture.uexp" 564
"../../../Engine/Plugins/Runtime/OpenXR/Content/Devices/GoogleDaydream/MRTexture.ubulk" 565
"../../../Engine/Plugins/Runtime/OpenXR/Content/Devices/GoogleDaydream/BaseTexture.uasset" 566
"../../../Engine/Plugins/Runtime/OpenXR/Content/Devices/GoogleDaydream/BaseTexture.uexp" 567
"../../../Engine/Plugins/Runtime/OpenXR/Content/Devices/GoogleDaydream/BaseTexture.ubulk" 568
"../../../Engine/Content/EngineResources/Black.uasset" 569
"../../../Engine/Content/EngineResources/Black.uexp" 570
"../../../Engine/Plugins/Runtime/OpenXR/Content/Devices/M_XRController.uasset" 571
"../../../Engine/Plugins/Runtime/OpenXR/Content/Devices/M_XRController.uexp" 572
"../../../Engine/Plugins/Runtime/OpenXR/Content/Devices/GoogleDaydream/MI_GoogleDaydream.uasset" 573
"../../../Engine/Plugins/Runtime/OpenXR/Content/Devices/GoogleDaydream/MI_GoogleDaydream.uexp" 574
"../../../Engine/Plugins/Runtime/OpenXR/Content/Devices/GoogleDaydream/GoogleDaydreamController.uasset" 575
"../../../Engine/Plugins/Runtime/OpenXR/Content/Devices/GoogleDaydream/GoogleDaydreamController.uexp" 576
"../../../Engine/Plugins/Runtime/OpenXR/Content/Devices/HTCVive/BaseTexture.uasset" 577
"../../../Engine/Plugins/Runtime/OpenXR/Content/Devices/HTCVive/BaseTexture.uexp" 578
"../../../Engine/Plugins/Runtime/OpenXR/Content/Devices/HTCVive/BaseTexture.ubulk" 579
"../../../Engine/Plugins/Runtime/OpenXR/Content/Devices/HTCVive/MI_HTCVive.uasset" 580
"../../../Engine/Plugins/Runtime/OpenXR/Content/Devices/HTCVive/MI_HTCVive.uexp" 581
"../../../Engine/Plugins/Runtime/OpenXR/Content/Devices/HTCVive/HTCViveController.uasset" 582
"../../../Engine/Plugins/Runtime/OpenXR/Content/Devices/HTCVive/HTCViveController.uexp" 583
"../../../Engine/Plugins/Runtime/OpenXR/Content/Devices/MicrosoftMixedReality/NormalTexture.uasset" 584
"../../../Engine/Plugins/Runtime/OpenXR/Content/Devices/MicrosoftMixedReality/NormalTexture.uexp" 585
"../../../Engine/Plugins/Runtime/OpenXR/Content/Devices/MicrosoftMixedReality/NormalTexture.ubulk" 586
"../../../Engine/Plugins/Runtime/OpenXR/Content/Devices/MicrosoftMixedReality/MRTexture.uasset" 587
"../../../Engine/Plugins/Runtime/OpenXR/Content/Devices/MicrosoftMixedReality/MRTexture.uexp" 588
"../../../Engine/Plugins/Runtime/OpenXR/Content/Devices/MicrosoftMixedReality/MRTexture.ubulk" 589
"../../../Engine/Plugins/Runtime/OpenXR/Content/Devices/MicrosoftMixedReality/EmissiveTexture.uasset" 590
"../../../Engine/Plugins/Runtime/OpenXR/Content/Devices/MicrosoftMixedReality/EmissiveTexture.uexp" 591
"../../../Engine/Plugins/Runtime/OpenXR/Content/Devices/MicrosoftMixedReality/EmissiveTexture.ubulk" 592
"../../../Engine/Plugins/Runtime/OpenXR/Content/Devices/MicrosoftMixedReality/BaseTexture.uasset" 593
"../../../Engine/Plugins/Runtime/OpenXR/Content/Devices/MicrosoftMixedReality/BaseTexture.uexp" 594
"../../../Engine/Plugins/Runtime/OpenXR/Content/Devices/MicrosoftMixedReality/BaseTexture.ubulk" 595
"../../../Engine/Plugins/Runtime/OpenXR/Content/Devices/MicrosoftMixedReality/MI_MicrosoftMixedReality.uasset" 596
"../../../Engine/Plugins/Runtime/OpenXR/Content/Devices/MicrosoftMixedReality/MI_MicrosoftMixedReality.uexp" 597
"../../../Engine/Plugins/Runtime/OpenXR/Content/Devices/MicrosoftMixedReality/Left/left_MicrosoftMixedRealityController.uasset" 598
"../../../Engine/Plugins/Runtime/OpenXR/Content/Devices/MicrosoftMixedReality/Left/left_MicrosoftMixedRealityController.uexp" 599
"../../../Engine/Plugins/Runtime/OpenXR/Content/Devices/MicrosoftMixedReality/Right/right_MicrosoftMixedRealityController.uasset" 600
"../../../Engine/Plugins/Runtime/OpenXR/Content/Devices/MicrosoftMixedReality/Right/right_MicrosoftMixedRealityController.uexp" 601
"../../../Engine/Plugins/Runtime/OpenXR/Content/Devices/OculusGo/BaseTexture.uasset" 602
"../../../Engine/Plugins/Runtime/OpenXR/Content/Devices/OculusGo/BaseTexture.uexp" 603
"../../../Engine/Plugins/Runtime/OpenXR/Content/Devices/OculusGo/BaseTexture.ubulk" 604
"../../../Engine/Plugins/Runtime/OpenXR/Content/Devices/OculusGo/MI_OculusGo.uasset" 605
"../../../Engine/Plugins/Runtime/OpenXR/Content/Devices/OculusGo/MI_OculusGo.uexp" 606
"../../../Engine/Plugins/Runtime/OpenXR/Content/Devices/OculusGo/OculusGoController.uasset" 607
"../../../Engine/Plugins/Runtime/OpenXR/Content/Devices/OculusGo/OculusGoController.uexp" 608
"../../../Engine/Plugins/Runtime/OpenXR/Content/Devices/OculusTouch/MRTexture.uasset" 609
"../../../Engine/Plugins/Runtime/OpenXR/Content/Devices/OculusTouch/MRTexture.uexp" 610
"../../../Engine/Plugins/Runtime/OpenXR/Content/Devices/OculusTouch/MRTexture.ubulk" 611
"../../../Engine/Plugins/Runtime/OpenXR/Content/Devices/OculusTouch/BaseTexture.uasset" 612
"../../../Engine/Plugins/Runtime/OpenXR/Content/Devices/OculusTouch/BaseTexture.uexp" 613
"../../../Engine/Plugins/Runtime/OpenXR/Content/Devices/OculusTouch/BaseTexture.ubulk" 614
"../../../Engine/Plugins/Runtime/OpenXR/Content/Devices/OculusTouch/MI_OculusTouch.uasset" 615
"../../../Engine/Plugins/Runtime/OpenXR/Content/Devices/OculusTouch/MI_OculusTouch.uexp" 616
"../../../Engine/Plugins/Runtime/OpenXR/Content/Devices/OculusTouch/Left/left_OculusTouchController.uasset" 617
"../../../Engine/Plugins/Runtime/OpenXR/Content/Devices/OculusTouch/Left/left_OculusTouchController.uexp" 618
"../../../Engine/Plugins/Runtime/OpenXR/Content/Devices/OculusTouch/Right/right_OculusTouchController.uasset" 619
"../../../Engine/Plugins/Runtime/OpenXR/Content/Devices/OculusTouch/Right/right_OculusTouchController.uexp" 620
"../../../Engine/Plugins/Runtime/OpenXR/Content/Devices/OculusTouch_v2/MRTexture.uasset" 621
"../../../Engine/Plugins/Runtime/OpenXR/Content/Devices/OculusTouch_v2/MRTexture.uexp" 622
"../../../Engine/Plugins/Runtime/OpenXR/Content/Devices/OculusTouch_v2/MRTexture.ubulk" 623
"../../../Engine/Plugins/Runtime/OpenXR/Content/Devices/OculusTouch_v2/BaseTexture.uasset" 624
"../../../Engine/Plugins/Runtime/OpenXR/Content/Devices/OculusTouch_v2/BaseTexture.uexp" 625
"../../../Engine/Plugins/Runtime/OpenXR/Content/Devices/OculusTouch_v2/BaseTexture.ubulk" 626
"../../../Engine/Plugins/Runtime/OpenXR/Content/Devices/OculusTouch_v2/MI_OculusTouch_v2.uasset" 627
"../../../Engine/Plugins/Runtime/OpenXR/Content/Devices/OculusTouch_v2/MI_OculusTouch_v2.uexp" 628
"../../../Engine/Plugins/Runtime/OpenXR/Content/Devices/OculusTouch_v2/Left/left_OculusTouch_v2Controller.uasset" 629
"../../../Engine/Plugins/Runtime/OpenXR/Content/Devices/OculusTouch_v2/Left/left_OculusTouch_v2Controller.uexp" 630
"../../../Engine/Plugins/Runtime/OpenXR/Content/Devices/OculusTouch_v2/Right/right_OculusTouch_v2Controller.uasset" 631
"../../../Engine/Plugins/Runtime/OpenXR/Content/Devices/OculusTouch_v2/Right/right_OculusTouch_v2Controller.uexp" 632
"../../../Engine/Plugins/Runtime/OpenXR/Content/Devices/OculusTouch_v3/MRTexture.uasset" 633
"../../../Engine/Plugins/Runtime/OpenXR/Content/Devices/OculusTouch_v3/MRTexture.uexp" 634
"../../../Engine/Plugins/Runtime/OpenXR/Content/Devices/OculusTouch_v3/MRTexture.ubulk" 635
"../../../Engine/Plugins/Runtime/OpenXR/Content/Devices/OculusTouch_v3/BaseTexture.uasset" 636
"../../../Engine/Plugins/Runtime/OpenXR/Content/Devices/OculusTouch_v3/BaseTexture.uexp" 637
"../../../Engine/Plugins/Runtime/OpenXR/Content/Devices/OculusTouch_v3/BaseTexture.ubulk" 638
"../../../Engine/Plugins/Runtime/OpenXR/Content/Devices/OculusTouch_v3/MI_OculusTouch_v3.uasset" 639
"../../../Engine/Plugins/Runtime/OpenXR/Content/Devices/OculusTouch_v3/MI_OculusTouch_v3.uexp" 640
"../../../Engine/Plugins/Runtime/OpenXR/Content/Devices/OculusTouch_v3/Left/left_OculusTouch_v3Controller.uasset" 641
"../../../Engine/Plugins/Runtime/OpenXR/Content/Devices/OculusTouch_v3/Left/left_OculusTouch_v3Controller.uexp" 642
"../../../Engine/Plugins/Runtime/OpenXR/Content/Devices/OculusTouch_v3/Right/right_OculusTouch_v3Controller.uasset" 643
"../../../Engine/Plugins/Runtime/OpenXR/Content/Devices/OculusTouch_v3/Right/right_OculusTouch_v3Controller.uexp" 644
"../../../Engine/Plugins/Runtime/OpenXR/Content/Devices/ValveIndex/MRTexture.uasset" 645
"../../../Engine/Plugins/Runtime/OpenXR/Content/Devices/ValveIndex/MRTexture.uexp" 646
"../../../Engine/Plugins/Runtime/OpenXR/Content/Devices/ValveIndex/MRTexture.ubulk" 647
"../../../Engine/Plugins/Runtime/OpenXR/Content/Devices/ValveIndex/BaseTexture.uasset" 648
"../../../Engine/Plugins/Runtime/OpenXR/Content/Devices/ValveIndex/BaseTexture.uexp" 649
"../../../Engine/Plugins/Runtime/OpenXR/Content/Devices/ValveIndex/BaseTexture.ubulk" 650
"../../../Engine/Plugins/Runtime/OpenXR/Content/Devices/ValveIndex/Left/MI_left_ValveIndex.uasset" 651
"../../../Engine/Plugins/Runtime/OpenXR/Content/Devices/ValveIndex/Left/MI_left_ValveIndex.uexp" 652
"../../../Engine/Plugins/Runtime/OpenXR/Content/Devices/ValveIndex/Left/left_ValveIndexController.uasset" 653
"../../../Engine/Plugins/Runtime/OpenXR/Content/Devices/ValveIndex/Left/left_ValveIndexController.uexp" 654
"../../../Engine/Plugins/Runtime/OpenXR/Content/Devices/ValveIndex/Right/MI_right_ValveIndex.uasset" 655
"../../../Engine/Plugins/Runtime/OpenXR/Content/Devices/ValveIndex/Right/MI_right_ValveIndex.uexp" 656
"../../../Engine/Plugins/Runtime/OpenXR/Content/Devices/ValveIndex/Right/right_ValveIndexController.uasset" 657
"../../../Engine/Plugins/Runtime/OpenXR/Content/Devices/ValveIndex/Right/right_ValveIndexController.uexp" 658
"../../../Engine/Content/Functions/Engine_MaterialFunctions02/Utility/BreakOutFloat4Components.uasset" 659
"../../../Engine/Content/Functions/Engine_MaterialFunctions02/Utility/BreakOutFloat4Components.uexp" 660
"../../../Engine/Content/Functions/Engine_MaterialFunctions02/Utility/MakeFloat3.uasset" 661
"../../../Engine/Content/Functions/Engine_MaterialFunctions02/Utility/MakeFloat3.uexp" 662
"../../../Engine/Plugins/Runtime/Oculus/OculusVR/Content/Materials/OculusMR_ChromaKey.uasset" 663
"../../../Engine/Plugins/Runtime/Oculus/OculusVR/Content/Materials/OculusMR_ChromaKey.uexp" 664
"../../../Engine/Plugins/Runtime/Oculus/OculusVR/Content/Materials/OculusMR_OpaqueColoredMaterial.uasset" 665
"../../../Engine/Plugins/Runtime/Oculus/OculusVR/Content/Materials/OculusMR_OpaqueColoredMaterial.uexp" 666
"../../../Engine/Plugins/Runtime/Oculus/OculusVR/Content/Materials/PokeAHoleMaterial.uasset" 667
"../../../Engine/Plugins/Runtime/Oculus/OculusVR/Content/Materials/PokeAHoleMaterial.uexp" 668
"../../../Engine/Plugins/Runtime/Oculus/OculusVR/Content/Textures/touchController_controlmap.uasset" 669
"../../../Engine/Plugins/Runtime/Oculus/OculusVR/Content/Textures/touchController_controlmap.uexp" 670
"../../../Engine/Plugins/Runtime/Oculus/OculusVR/Content/Textures/touchController_controlmap.ubulk" 671
"../../../Engine/Plugins/Runtime/Oculus/OculusVR/Content/Textures/touchController_albedo.uasset" 672
"../../../Engine/Plugins/Runtime/Oculus/OculusVR/Content/Textures/touchController_albedo.uexp" 673
"../../../Engine/Plugins/Runtime/Oculus/OculusVR/Content/Textures/touchController_albedo.ubulk" 674
"../../../Engine/Plugins/Runtime/Oculus/OculusVR/Content/Materials/touchController_mat.uasset" 675
"../../../Engine/Plugins/Runtime/Oculus/OculusVR/Content/Materials/touchController_mat.uexp" 676
"../../../Engine/Plugins/Runtime/Oculus/OculusVR/Content/Meshes/LeftTouchController.uasset" 677
"../../../Engine/Plugins/Runtime/Oculus/OculusVR/Content/Meshes/LeftTouchController.uexp" 678
"../../../Engine/Plugins/Runtime/Oculus/OculusVR/Content/Textures/TouchForQuestRiftSController_albedo.uasset" 679
"../../../Engine/Plugins/Runtime/Oculus/OculusVR/Content/Textures/TouchForQuestRiftSController_albedo.uexp" 680
"../../../Engine/Plugins/Runtime/Oculus/OculusVR/Content/Textures/TouchForQuestRiftSController_albedo.ubulk" 681
"../../../Engine/Plugins/Runtime/Oculus/OculusVR/Content/Materials/TouchForQuestRiftSControllerMaterial.uasset" 682
"../../../Engine/Plugins/Runtime/Oculus/OculusVR/Content/Materials/TouchForQuestRiftSControllerMaterial.uexp" 683
"../../../Engine/Plugins/Runtime/Oculus/OculusVR/Content/Meshes/LeftTouchForQuestRiftSController.uasset" 684
"../../../Engine/Plugins/Runtime/Oculus/OculusVR/Content/Meshes/LeftTouchForQuestRiftSController.uexp" 685
"../../../Engine/Plugins/Runtime/Oculus/OculusVR/Content/Meshes/RiftHMD.uasset" 686
"../../../Engine/Plugins/Runtime/Oculus/OculusVR/Content/Meshes/RiftHMD.uexp" 687
"../../../Engine/Plugins/Runtime/Oculus/OculusVR/Content/Meshes/RightTouchController.uasset" 688
"../../../Engine/Plugins/Runtime/Oculus/OculusVR/Content/Meshes/RightTouchController.uexp" 689
"../../../Engine/Plugins/Runtime/Oculus/OculusVR/Content/Meshes/RightTouchForQuestRiftSController.uasset" 690
"../../../Engine/Plugins/Runtime/Oculus/OculusVR/Content/Meshes/RightTouchForQuestRiftSController.uexp" 691
"C:/Users/prizr/OneDrive/Dokumente/Unreal Projects/BR_SDK-master/Content/CustomContent/BuildingsMeshes/Editors/Small.uasset" 692
"C:/Users/prizr/OneDrive/Dokumente/Unreal Projects/BR_SDK-master/Content/CustomContent/BuildingsMeshes/Editors/Small.uexp" 693
"C:/Users/prizr/OneDrive/Dokumente/Unreal Projects/BR_SDK-master/Content/BrickRigs/Buildings/Editors/BP_Editor_Small.uasset" 694
"C:/Users/prizr/OneDrive/Dokumente/Unreal Projects/BR_SDK-master/Content/BrickRigs/Buildings/Editors/BP_Editor_Small.uexp" 695
"C:/Users/prizr/OneDrive/Dokumente/Unreal Projects/BR_SDK-master/Content/BrickRigs/BrickEditor/VehicleEditor/BP_VehicleEditor.uasset" 696
"C:/Users/prizr/OneDrive/Dokumente/Unreal Projects/BR_SDK-master/Content/BrickRigs/BrickEditor/VehicleEditor/BP_VehicleEditor.uexp" 697
"C:/Users/prizr/OneDrive/Dokumente/Unreal Projects/BR_SDK-master/Content/BrickRigs/PhysicalMaterials/PM_Default.uasset" 698
"C:/Users/prizr/OneDrive/Dokumente/Unreal Projects/BR_SDK-master/Content/BrickRigs/PhysicalMaterials/PM_Default.uexp" 699
"C:/Users/prizr/OneDrive/Dokumente/Unreal Projects/BR_SDK-master/Content/BrickRigs/PhysicalMaterials/PM_Dirt.uasset" 700
"C:/Users/prizr/OneDrive/Dokumente/Unreal Projects/BR_SDK-master/Content/BrickRigs/PhysicalMaterials/PM_Dirt.uexp" 701
"C:/Users/prizr/OneDrive/Dokumente/Unreal Projects/BR_SDK-master/Content/BrickRigs/PhysicalMaterials/PM_Grass.uasset" 702
"C:/Users/prizr/OneDrive/Dokumente/Unreal Projects/BR_SDK-master/Content/BrickRigs/PhysicalMaterials/PM_Grass.uexp" 703
"C:/Users/prizr/OneDrive/Dokumente/Unreal Projects/BR_SDK-master/Content/BrickRigs/PhysicalMaterials/PM_Stone.uasset" 704
"C:/Users/prizr/OneDrive/Dokumente/Unreal Projects/BR_SDK-master/Content/BrickRigs/PhysicalMaterials/PM_Stone.uexp" 705
"../../../Engine/Content/EngineMaterials/DefaultPhysicalMaterial.uasset" 706
"../../../Engine/Content/EngineMaterials/DefaultPhysicalMaterial.uexp" 707
"C:/Users/prizr/OneDrive/Dokumente/Unreal Projects/BR_SDK-master/Content/BrickRigs/Levels/CustomMap/CustomMap.uexp" 708
"C:/Users/prizr/OneDrive/Dokumente/Unreal Projects/BR_SDK-master/Content/BrickRigs/Levels/CustomMap/CustomMap.ubulk" 709
"C:/Users/prizr/OneDrive/Dokumente/Unreal Projects/BR_SDK-master/Content/BrickRigs/Levels/CustomMap/CustomMap.umap" 710
"../../../Engine/Content/Maps/Entry_BuiltData.uasset" 711
"../../../Engine/Content/Maps/Entry_BuiltData.uexp" 712
"../../../Engine/Content/Maps/Entry.uexp" 713
"../../../Engine/Content/Maps/Entry.umap" 714
"../../../Engine/Content/MapTemplates/SM_Template_Map_Floor.uasset" 715
"../../../Engine/Content/MapTemplates/SM_Template_Map_Floor.uexp" 716
"../../../Engine/Content/Maps/Templates/Template_Default_BuiltData.uasset" 717
"../../../Engine/Content/Maps/Templates/Template_Default_BuiltData.uexp" 718
"../../../Engine/Content/Maps/Templates/Template_Default_BuiltData.ubulk" 719
"../../../Engine/Content/EngineSky/T_Sky_Stars.uasset" 720
"../../../Engine/Content/EngineSky/T_Sky_Stars.uexp" 721
"../../../Engine/Content/EngineSky/T_Sky_Stars.ubulk" 722
"../../../Engine/Content/EngineSky/T_Sky_Clouds_M.uasset" 723
"../../../Engine/Content/EngineSky/T_Sky_Clouds_M.uexp" 724
"../../../Engine/Content/EngineSky/T_Sky_Clouds_M.ubulk" 725
"../../../Engine/Content/EngineSky/T_Sky_Blue.uasset" 726
"../../../Engine/Content/EngineSky/T_Sky_Blue.uexp" 727
"../../../Engine/Content/EngineSky/T_Sky_Blue.ubulk" 728
"../../../Engine/Content/EngineSky/M_Sky_Panning_Clouds2.uasset" 729
"../../../Engine/Content/EngineSky/M_Sky_Panning_Clouds2.uexp" 730
"../../../Engine/Content/EngineSky/SM_SkySphere.uasset" 731
"../../../Engine/Content/EngineSky/SM_SkySphere.uexp" 732
"../../../Engine/Content/EngineSky/C_Sky_Zenith_Color.uasset" 733
"../../../Engine/Content/EngineSky/C_Sky_Zenith_Color.uexp" 734
"../../../Engine/Content/EngineSky/C_Sky_Horizon_Color.uasset" 735
"../../../Engine/Content/EngineSky/C_Sky_Horizon_Color.uexp" 736
"../../../Engine/Content/EngineSky/C_Sky_Cloud_Color.uasset" 737
"../../../Engine/Content/EngineSky/C_Sky_Cloud_Color.uexp" 738
"../../../Engine/Content/EngineSky/BP_Sky_Sphere.uasset" 739
"../../../Engine/Content/EngineSky/BP_Sky_Sphere.uexp" 740
"../../../Engine/Content/Maps/Templates/Template_Default.uexp" 741
"../../../Engine/Content/Maps/Templates/Template_Default.umap" 742
